0 info it worked if it ends with ok
1 verbose cli [ '/usr/local/bin/node',
1 verbose cli   '/usr/local/bin/npm',
1 verbose cli   'install',
1 verbose cli   'reboot' ]
2 info using npm@3.8.6
3 info using node@v6.0.0
4 silly loadCurrentTree Starting
5 silly install loadCurrentTree
6 silly install readLocalPackageData
7 silly fetchPackageMetaData reboot
8 silly fetchNamedPackageData reboot
9 silly mapToRegistry name reboot
10 silly mapToRegistry using default registry
11 silly mapToRegistry registry https://registry.npmjs.org/
12 silly mapToRegistry data Result {
12 silly mapToRegistry   raw: 'reboot',
12 silly mapToRegistry   scope: null,
12 silly mapToRegistry   name: 'reboot',
12 silly mapToRegistry   rawSpec: '',
12 silly mapToRegistry   spec: 'latest',
12 silly mapToRegistry   type: 'tag' }
13 silly mapToRegistry uri https://registry.npmjs.org/reboot
14 verbose request uri https://registry.npmjs.org/reboot
15 verbose request no auth needed
16 info attempt registry request try #1 at 1:22:47 PM
17 verbose request id 5100c6dc50446405
18 http request GET https://registry.npmjs.org/reboot
19 http 200 https://registry.npmjs.org/reboot
20 verbose headers { server: 'CouchDB/1.5.0 (Erlang OTP/R16B03)',
20 verbose headers   etag: '"7GTOTBCMD3570JA6UEV7EUVUZ"',
20 verbose headers   'content-type': 'application/json',
20 verbose headers   'content-encoding': 'gzip',
20 verbose headers   'cache-control': 'max-age=300',
20 verbose headers   'content-length': '1209',
20 verbose headers   'accept-ranges': 'bytes',
20 verbose headers   date: 'Fri, 24 Jun 2016 17:22:48 GMT',
20 verbose headers   via: '1.1 varnish',
20 verbose headers   age: '0',
20 verbose headers   connection: 'keep-alive',
20 verbose headers   'x-served-by': 'cache-atl6223-ATL',
20 verbose headers   'x-cache': 'MISS',
20 verbose headers   'x-cache-hits': '0',
20 verbose headers   'x-timer': 'S1466788968.823297,VS0,VE130',
20 verbose headers   vary: 'Accept-Encoding' }
21 silly get cb [ 200,
21 silly get   { server: 'CouchDB/1.5.0 (Erlang OTP/R16B03)',
21 silly get     etag: '"7GTOTBCMD3570JA6UEV7EUVUZ"',
21 silly get     'content-type': 'application/json',
21 silly get     'content-encoding': 'gzip',
21 silly get     'cache-control': 'max-age=300',
21 silly get     'content-length': '1209',
21 silly get     'accept-ranges': 'bytes',
21 silly get     date: 'Fri, 24 Jun 2016 17:22:48 GMT',
21 silly get     via: '1.1 varnish',
21 silly get     age: '0',
21 silly get     connection: 'keep-alive',
21 silly get     'x-served-by': 'cache-atl6223-ATL',
21 silly get     'x-cache': 'MISS',
21 silly get     'x-cache-hits': '0',
21 silly get     'x-timer': 'S1466788968.823297,VS0,VE130',
21 silly get     vary: 'Accept-Encoding' } ]
22 verbose get saving reboot to /Users/jakobmarsico/.npm/registry.npmjs.org/reboot/.cache.json
23 verbose correctMkdir /Users/jakobmarsico/.npm correctMkdir not in flight; initializing
24 silly install normalizeTree
25 silly loadCurrentTree Finishing
26 silly loadIdealTree Starting
27 silly install loadIdealTree
28 silly cloneCurrentTree Starting
29 silly install cloneCurrentTreeToIdealTree
30 silly cloneCurrentTree Finishing
31 silly loadShrinkwrap Starting
32 silly install loadShrinkwrap
33 silly loadShrinkwrap Finishing
34 silly loadAllDepsIntoIdealTree Starting
35 silly install loadAllDepsIntoIdealTree
36 silly resolveWithNewModule reboot@0.0.1 checking installable status
37 silly cache add args [ 'reboot', null ]
38 verbose cache add spec reboot
39 silly cache add parsed spec Result {
39 silly cache add   raw: 'reboot',
39 silly cache add   scope: null,
39 silly cache add   name: 'reboot',
39 silly cache add   rawSpec: '',
39 silly cache add   spec: 'latest',
39 silly cache add   type: 'tag' }
40 silly addNamed reboot@latest
41 verbose addNamed "latest" is being treated as a dist-tag for reboot
42 info addNameTag [ 'reboot', 'latest' ]
43 silly mapToRegistry name reboot
44 silly mapToRegistry using default registry
45 silly mapToRegistry registry https://registry.npmjs.org/
46 silly mapToRegistry data Result {
46 silly mapToRegistry   raw: 'reboot',
46 silly mapToRegistry   scope: null,
46 silly mapToRegistry   name: 'reboot',
46 silly mapToRegistry   rawSpec: '',
46 silly mapToRegistry   spec: 'latest',
46 silly mapToRegistry   type: 'tag' }
47 silly mapToRegistry uri https://registry.npmjs.org/reboot
48 verbose addNameTag registry:https://registry.npmjs.org/reboot not in flight; fetching
49 verbose get https://registry.npmjs.org/reboot not expired, no request
50 silly addNameTag next cb for reboot with tag latest
51 silly addNamed reboot@0.0.1
52 verbose addNamed "0.0.1" is a plain semver version for reboot
53 silly mapToRegistry name reboot
54 silly mapToRegistry using default registry
55 silly mapToRegistry registry https://registry.npmjs.org/
56 silly mapToRegistry data Result {
56 silly mapToRegistry   raw: 'reboot',
56 silly mapToRegistry   scope: null,
56 silly mapToRegistry   name: 'reboot',
56 silly mapToRegistry   rawSpec: '',
56 silly mapToRegistry   spec: 'latest',
56 silly mapToRegistry   type: 'tag' }
57 silly mapToRegistry uri https://registry.npmjs.org/reboot
58 verbose addRemoteTarball https://registry.npmjs.org/reboot/-/reboot-0.0.1.tgz not in flight; adding
59 verbose addRemoteTarball [ 'https://registry.npmjs.org/reboot/-/reboot-0.0.1.tgz',
59 verbose addRemoteTarball   'c9f02d14b1d5211490092eea3dc6e985ac51c17c' ]
60 info retry fetch attempt 1 at 1:22:49 PM
61 info attempt registry request try #1 at 1:22:49 PM
62 http fetch GET https://registry.npmjs.org/reboot/-/reboot-0.0.1.tgz
63 http fetch 200 https://registry.npmjs.org/reboot/-/reboot-0.0.1.tgz
64 silly fetchAndShaCheck shasum c9f02d14b1d5211490092eea3dc6e985ac51c17c
65 verbose addTmpTarball /var/folders/hs/b6l0qpls0076dg2n0htp2b7r0000gn/T/npm-3612-ae79ce2d/registry.npmjs.org/reboot/-/reboot-0.0.1.tgz not in flight; adding
66 verbose addTmpTarball already have metadata; skipping unpack for reboot@0.0.1
67 verbose correctMkdir /Users/jakobmarsico/.npm correctMkdir not in flight; initializing
68 silly cache afterAdd reboot@0.0.1
69 verbose afterAdd /Users/jakobmarsico/.npm/reboot/0.0.1/package/package.json not in flight; writing
70 verbose correctMkdir /Users/jakobmarsico/.npm correctMkdir not in flight; initializing
71 verbose afterAdd /Users/jakobmarsico/.npm/reboot/0.0.1/package/package.json written
72 silly loadAllDepsIntoIdealTree Finishing
73 silly idealTree:prePrune nodeServer@1.0.0
73 silly idealTree:prePrune ├── ansi-regex@2.0.0
73 silly idealTree:prePrune ├── ansi-styles@2.2.1
73 silly idealTree:prePrune ├── apache-crypt@1.1.2
73 silly idealTree:prePrune ├── apache-md5@1.0.6
73 silly idealTree:prePrune ├── asn1@0.2.3
73 silly idealTree:prePrune ├── assert-plus@0.2.0
73 silly idealTree:prePrune ├── async@0.2.10
73 silly idealTree:prePrune ├── aws-sign2@0.6.0
73 silly idealTree:prePrune ├── aws4@1.4.1
73 silly idealTree:prePrune ├── bl@1.1.2
73 silly idealTree:prePrune ├─┬ body-parser@1.15.0
73 silly idealTree:prePrune │ ├── bytes@2.2.0
73 silly idealTree:prePrune │ ├── content-type@1.0.1
73 silly idealTree:prePrune │ ├── depd@1.1.0
73 silly idealTree:prePrune │ ├─┬ http-errors@1.4.0
73 silly idealTree:prePrune │ │ ├── inherits@2.0.1
73 silly idealTree:prePrune │ │ └── statuses@1.2.1
73 silly idealTree:prePrune │ ├── iconv-lite@0.4.13
73 silly idealTree:prePrune │ ├─┬ on-finished@2.3.0
73 silly idealTree:prePrune │ │ └── ee-first@1.1.1
73 silly idealTree:prePrune │ ├── qs@6.1.0
73 silly idealTree:prePrune │ ├─┬ raw-body@2.1.6
73 silly idealTree:prePrune │ │ ├── bytes@2.3.0
73 silly idealTree:prePrune │ │ └── unpipe@1.0.0
73 silly idealTree:prePrune │ └─┬ type-is@1.6.12
73 silly idealTree:prePrune │   ├── media-typer@0.3.0
73 silly idealTree:prePrune │   └─┬ mime-types@2.1.10
73 silly idealTree:prePrune │     └── mime-db@1.22.0
73 silly idealTree:prePrune ├── boom@2.10.1
73 silly idealTree:prePrune ├── caseless@0.11.0
73 silly idealTree:prePrune ├── chalk@1.1.3
73 silly idealTree:prePrune ├── combined-stream@1.0.5
73 silly idealTree:prePrune ├── commander@2.9.0
73 silly idealTree:prePrune ├── core-util-is@1.0.2
73 silly idealTree:prePrune ├── cryptiles@2.0.5
73 silly idealTree:prePrune ├─┬ dashdash@1.14.0
73 silly idealTree:prePrune │ └── assert-plus@1.0.0
73 silly idealTree:prePrune ├── debug@2.2.0
73 silly idealTree:prePrune ├── delayed-stream@1.0.0
73 silly idealTree:prePrune ├── ecc-jsbn@0.1.1
73 silly idealTree:prePrune ├── escape-string-regexp@1.0.5
73 silly idealTree:prePrune ├─┬ express@4.13.4
73 silly idealTree:prePrune │ ├─┬ accepts@1.2.13
73 silly idealTree:prePrune │ │ ├─┬ mime-types@2.1.10
73 silly idealTree:prePrune │ │ │ └── mime-db@1.22.0
73 silly idealTree:prePrune │ │ └── negotiator@0.5.3
73 silly idealTree:prePrune │ ├── array-flatten@1.1.1
73 silly idealTree:prePrune │ ├── content-disposition@0.5.1
73 silly idealTree:prePrune │ ├── content-type@1.0.1
73 silly idealTree:prePrune │ ├── cookie-signature@1.0.6
73 silly idealTree:prePrune │ ├── cookie@0.1.5
73 silly idealTree:prePrune │ ├── depd@1.1.0
73 silly idealTree:prePrune │ ├── escape-html@1.0.3
73 silly idealTree:prePrune │ ├── etag@1.7.0
73 silly idealTree:prePrune │ ├─┬ finalhandler@0.4.1
73 silly idealTree:prePrune │ │ └── unpipe@1.0.0
73 silly idealTree:prePrune │ ├── fresh@0.3.0
73 silly idealTree:prePrune │ ├── merge-descriptors@1.0.1
73 silly idealTree:prePrune │ ├── methods@1.1.2
73 silly idealTree:prePrune │ ├─┬ on-finished@2.3.0
73 silly idealTree:prePrune │ │ └── ee-first@1.1.1
73 silly idealTree:prePrune │ ├── parseurl@1.3.1
73 silly idealTree:prePrune │ ├── path-to-regexp@0.1.7
73 silly idealTree:prePrune │ ├─┬ proxy-addr@1.0.10
73 silly idealTree:prePrune │ │ ├── forwarded@0.1.0
73 silly idealTree:prePrune │ │ └── ipaddr.js@1.0.5
73 silly idealTree:prePrune │ ├── qs@4.0.0
73 silly idealTree:prePrune │ ├── range-parser@1.0.3
73 silly idealTree:prePrune │ ├─┬ send@0.13.1
73 silly idealTree:prePrune │ │ ├── destroy@1.0.4
73 silly idealTree:prePrune │ │ ├─┬ http-errors@1.3.1
73 silly idealTree:prePrune │ │ │ └── inherits@2.0.1
73 silly idealTree:prePrune │ │ ├── mime@1.3.4
73 silly idealTree:prePrune │ │ ├── ms@0.7.1
73 silly idealTree:prePrune │ │ └── statuses@1.2.1
73 silly idealTree:prePrune │ ├── serve-static@1.10.2
73 silly idealTree:prePrune │ ├─┬ type-is@1.6.12
73 silly idealTree:prePrune │ │ ├── media-typer@0.3.0
73 silly idealTree:prePrune │ │ └─┬ mime-types@2.1.10
73 silly idealTree:prePrune │ │   └── mime-db@1.22.0
73 silly idealTree:prePrune │ ├── utils-merge@1.0.0
73 silly idealTree:prePrune │ └── vary@1.0.1
73 silly idealTree:prePrune ├── extend@3.0.0
73 silly idealTree:prePrune ├── extsprintf@1.0.2
73 silly idealTree:prePrune ├── forever-agent@0.6.1
73 silly idealTree:prePrune ├─┬ form-data@1.0.0-rc4
73 silly idealTree:prePrune │ └── async@1.5.2
73 silly idealTree:prePrune ├── generate-function@2.0.0
73 silly idealTree:prePrune ├── generate-object-property@1.2.0
73 silly idealTree:prePrune ├─┬ getpass@0.1.6
73 silly idealTree:prePrune │ └── assert-plus@1.0.0
73 silly idealTree:prePrune ├── graceful-readlink@1.0.1
73 silly idealTree:prePrune ├── har-validator@2.0.6
73 silly idealTree:prePrune ├── has-ansi@2.0.0
73 silly idealTree:prePrune ├── hawk@3.1.3
73 silly idealTree:prePrune ├── hoek@2.16.3
73 silly idealTree:prePrune ├── http-auth@2.4.4
73 silly idealTree:prePrune ├── http-signature@1.1.1
73 silly idealTree:prePrune ├─┬ httpdispatcher@1.0.0
73 silly idealTree:prePrune │ └── mime@1.3.4
73 silly idealTree:prePrune ├── inherits@2.0.1
73 silly idealTree:prePrune ├── is-my-json-valid@2.13.1
73 silly idealTree:prePrune ├── is-property@1.0.2
73 silly idealTree:prePrune ├── is-typedarray@1.0.0
73 silly idealTree:prePrune ├── isarray@1.0.0
73 silly idealTree:prePrune ├── isstream@0.1.2
73 silly idealTree:prePrune ├── jodid25519@1.0.2
73 silly idealTree:prePrune ├── jsbn@0.1.0
73 silly idealTree:prePrune ├── json-schema@0.2.2
73 silly idealTree:prePrune ├── json-stringify-safe@5.0.1
73 silly idealTree:prePrune ├── jsonpointer@2.0.0
73 silly idealTree:prePrune ├── jsprim@1.2.2
73 silly idealTree:prePrune ├── mime-db@1.23.0
73 silly idealTree:prePrune ├── mime-types@2.1.11
73 silly idealTree:prePrune ├── ms@0.7.1
73 silly idealTree:prePrune ├── node-uuid@1.4.7
73 silly idealTree:prePrune ├── oauth-sign@0.8.2
73 silly idealTree:prePrune ├─┬ osc-min@1.1.1
73 silly idealTree:prePrune │ └── binpack@0.1.0
73 silly idealTree:prePrune ├── path@0.12.7
73 silly idealTree:prePrune ├── pinkie-promise@2.0.1
73 silly idealTree:prePrune ├── pinkie@2.0.4
73 silly idealTree:prePrune ├── process-nextick-args@1.0.7
73 silly idealTree:prePrune ├── process@0.11.5
73 silly idealTree:prePrune ├── qs@6.1.0
73 silly idealTree:prePrune ├── readable-stream@2.0.6
73 silly idealTree:prePrune ├── reboot@0.0.1
73 silly idealTree:prePrune ├── request@2.72.0
73 silly idealTree:prePrune ├── sntp@1.0.9
73 silly idealTree:prePrune ├─┬ sshpk@1.8.3
73 silly idealTree:prePrune │ └── assert-plus@1.0.0
73 silly idealTree:prePrune ├── string_decoder@0.10.31
73 silly idealTree:prePrune ├── stringstream@0.0.5
73 silly idealTree:prePrune ├── strip-ansi@3.0.1
73 silly idealTree:prePrune ├── supports-color@2.0.0
73 silly idealTree:prePrune ├── tough-cookie@2.2.2
73 silly idealTree:prePrune ├── tunnel-agent@0.4.3
73 silly idealTree:prePrune ├── tweetnacl@0.13.3
73 silly idealTree:prePrune ├── underscore@1.8.3
73 silly idealTree:prePrune ├── universal-analytics@0.3.11
73 silly idealTree:prePrune ├── unix-crypt-td-js@1.0.0
73 silly idealTree:prePrune ├── util-deprecate@1.0.2
73 silly idealTree:prePrune ├── util@0.10.3
73 silly idealTree:prePrune ├── verror@1.3.6
73 silly idealTree:prePrune ├─┬ winston@2.2.0
73 silly idealTree:prePrune │ ├── async@1.0.0
73 silly idealTree:prePrune │ ├── colors@1.0.3
73 silly idealTree:prePrune │ ├── cycle@1.0.3
73 silly idealTree:prePrune │ ├── eyes@0.1.8
73 silly idealTree:prePrune │ ├── isstream@0.1.2
73 silly idealTree:prePrune │ ├── pkginfo@0.3.1
73 silly idealTree:prePrune │ └── stack-trace@0.0.9
73 silly idealTree:prePrune └── xtend@4.0.1
74 silly loadIdealTree Finishing
75 silly currentTree nodeServer@1.0.0
75 silly currentTree ├── ansi-regex@2.0.0
75 silly currentTree ├── ansi-styles@2.2.1
75 silly currentTree ├── apache-crypt@1.1.2
75 silly currentTree ├── apache-md5@1.0.6
75 silly currentTree ├── asn1@0.2.3
75 silly currentTree ├── assert-plus@0.2.0
75 silly currentTree ├── async@0.2.10
75 silly currentTree ├── aws-sign2@0.6.0
75 silly currentTree ├── aws4@1.4.1
75 silly currentTree ├── bl@1.1.2
75 silly currentTree ├─┬ body-parser@1.15.0
75 silly currentTree │ ├── bytes@2.2.0
75 silly currentTree │ ├── content-type@1.0.1
75 silly currentTree │ ├── depd@1.1.0
75 silly currentTree │ ├─┬ http-errors@1.4.0
75 silly currentTree │ │ ├── inherits@2.0.1
75 silly currentTree │ │ └── statuses@1.2.1
75 silly currentTree │ ├── iconv-lite@0.4.13
75 silly currentTree │ ├─┬ on-finished@2.3.0
75 silly currentTree │ │ └── ee-first@1.1.1
75 silly currentTree │ ├── qs@6.1.0
75 silly currentTree │ ├─┬ raw-body@2.1.6
75 silly currentTree │ │ ├── bytes@2.3.0
75 silly currentTree │ │ └── unpipe@1.0.0
75 silly currentTree │ └─┬ type-is@1.6.12
75 silly currentTree │   ├── media-typer@0.3.0
75 silly currentTree │   └─┬ mime-types@2.1.10
75 silly currentTree │     └── mime-db@1.22.0
75 silly currentTree ├── boom@2.10.1
75 silly currentTree ├── caseless@0.11.0
75 silly currentTree ├── chalk@1.1.3
75 silly currentTree ├── combined-stream@1.0.5
75 silly currentTree ├── commander@2.9.0
75 silly currentTree ├── core-util-is@1.0.2
75 silly currentTree ├── cryptiles@2.0.5
75 silly currentTree ├─┬ dashdash@1.14.0
75 silly currentTree │ └── assert-plus@1.0.0
75 silly currentTree ├── debug@2.2.0
75 silly currentTree ├── delayed-stream@1.0.0
75 silly currentTree ├── ecc-jsbn@0.1.1
75 silly currentTree ├── escape-string-regexp@1.0.5
75 silly currentTree ├─┬ express@4.13.4
75 silly currentTree │ ├─┬ accepts@1.2.13
75 silly currentTree │ │ ├─┬ mime-types@2.1.10
75 silly currentTree │ │ │ └── mime-db@1.22.0
75 silly currentTree │ │ └── negotiator@0.5.3
75 silly currentTree │ ├── array-flatten@1.1.1
75 silly currentTree │ ├── content-disposition@0.5.1
75 silly currentTree │ ├── content-type@1.0.1
75 silly currentTree │ ├── cookie-signature@1.0.6
75 silly currentTree │ ├── cookie@0.1.5
75 silly currentTree │ ├── depd@1.1.0
75 silly currentTree │ ├── escape-html@1.0.3
75 silly currentTree │ ├── etag@1.7.0
75 silly currentTree │ ├─┬ finalhandler@0.4.1
75 silly currentTree │ │ └── unpipe@1.0.0
75 silly currentTree │ ├── fresh@0.3.0
75 silly currentTree │ ├── merge-descriptors@1.0.1
75 silly currentTree │ ├── methods@1.1.2
75 silly currentTree │ ├─┬ on-finished@2.3.0
75 silly currentTree │ │ └── ee-first@1.1.1
75 silly currentTree │ ├── parseurl@1.3.1
75 silly currentTree │ ├── path-to-regexp@0.1.7
75 silly currentTree │ ├─┬ proxy-addr@1.0.10
75 silly currentTree │ │ ├── forwarded@0.1.0
75 silly currentTree │ │ └── ipaddr.js@1.0.5
75 silly currentTree │ ├── qs@4.0.0
75 silly currentTree │ ├── range-parser@1.0.3
75 silly currentTree │ ├─┬ send@0.13.1
75 silly currentTree │ │ ├── destroy@1.0.4
75 silly currentTree │ │ ├─┬ http-errors@1.3.1
75 silly currentTree │ │ │ └── inherits@2.0.1
75 silly currentTree │ │ ├── mime@1.3.4
75 silly currentTree │ │ ├── ms@0.7.1
75 silly currentTree │ │ └── statuses@1.2.1
75 silly currentTree │ ├── serve-static@1.10.2
75 silly currentTree │ ├─┬ type-is@1.6.12
75 silly currentTree │ │ ├── media-typer@0.3.0
75 silly currentTree │ │ └─┬ mime-types@2.1.10
75 silly currentTree │ │   └── mime-db@1.22.0
75 silly currentTree │ ├── utils-merge@1.0.0
75 silly currentTree │ └── vary@1.0.1
75 silly currentTree ├── extend@3.0.0
75 silly currentTree ├── extsprintf@1.0.2
75 silly currentTree ├── forever-agent@0.6.1
75 silly currentTree ├─┬ form-data@1.0.0-rc4
75 silly currentTree │ └── async@1.5.2
75 silly currentTree ├── generate-function@2.0.0
75 silly currentTree ├── generate-object-property@1.2.0
75 silly currentTree ├─┬ getpass@0.1.6
75 silly currentTree │ └── assert-plus@1.0.0
75 silly currentTree ├── graceful-readlink@1.0.1
75 silly currentTree ├── har-validator@2.0.6
75 silly currentTree ├── has-ansi@2.0.0
75 silly currentTree ├── hawk@3.1.3
75 silly currentTree ├── hoek@2.16.3
75 silly currentTree ├── http-auth@2.4.4
75 silly currentTree ├── http-signature@1.1.1
75 silly currentTree ├─┬ httpdispatcher@1.0.0
75 silly currentTree │ └── mime@1.3.4
75 silly currentTree ├── inherits@2.0.1
75 silly currentTree ├── is-my-json-valid@2.13.1
75 silly currentTree ├── is-property@1.0.2
75 silly currentTree ├── is-typedarray@1.0.0
75 silly currentTree ├── isarray@1.0.0
75 silly currentTree ├── isstream@0.1.2
75 silly currentTree ├── jodid25519@1.0.2
75 silly currentTree ├── jsbn@0.1.0
75 silly currentTree ├── json-schema@0.2.2
75 silly currentTree ├── json-stringify-safe@5.0.1
75 silly currentTree ├── jsonpointer@2.0.0
75 silly currentTree ├── jsprim@1.2.2
75 silly currentTree ├── mime-db@1.23.0
75 silly currentTree ├── mime-types@2.1.11
75 silly currentTree ├── ms@0.7.1
75 silly currentTree ├── node-uuid@1.4.7
75 silly currentTree ├── oauth-sign@0.8.2
75 silly currentTree ├─┬ osc-min@1.1.1
75 silly currentTree │ └── binpack@0.1.0
75 silly currentTree ├── path@0.12.7
75 silly currentTree ├── pinkie-promise@2.0.1
75 silly currentTree ├── pinkie@2.0.4
75 silly currentTree ├── process-nextick-args@1.0.7
75 silly currentTree ├── process@0.11.5
75 silly currentTree ├── qs@6.1.0
75 silly currentTree ├── readable-stream@2.0.6
75 silly currentTree ├── request@2.72.0
75 silly currentTree ├── sntp@1.0.9
75 silly currentTree ├─┬ sshpk@1.8.3
75 silly currentTree │ └── assert-plus@1.0.0
75 silly currentTree ├── string_decoder@0.10.31
75 silly currentTree ├── stringstream@0.0.5
75 silly currentTree ├── strip-ansi@3.0.1
75 silly currentTree ├── supports-color@2.0.0
75 silly currentTree ├── tough-cookie@2.2.2
75 silly currentTree ├── tunnel-agent@0.4.3
75 silly currentTree ├── tweetnacl@0.13.3
75 silly currentTree ├── underscore@1.8.3
75 silly currentTree ├── universal-analytics@0.3.11
75 silly currentTree ├── unix-crypt-td-js@1.0.0
75 silly currentTree ├── util-deprecate@1.0.2
75 silly currentTree ├── util@0.10.3
75 silly currentTree ├── verror@1.3.6
75 silly currentTree ├─┬ winston@2.2.0
75 silly currentTree │ ├── async@1.0.0
75 silly currentTree │ ├── colors@1.0.3
75 silly currentTree │ ├── cycle@1.0.3
75 silly currentTree │ ├── eyes@0.1.8
75 silly currentTree │ ├── isstream@0.1.2
75 silly currentTree │ ├── pkginfo@0.3.1
75 silly currentTree │ └── stack-trace@0.0.9
75 silly currentTree └── xtend@4.0.1
76 silly idealTree nodeServer@1.0.0
76 silly idealTree ├── ansi-regex@2.0.0
76 silly idealTree ├── ansi-styles@2.2.1
76 silly idealTree ├── apache-crypt@1.1.2
76 silly idealTree ├── apache-md5@1.0.6
76 silly idealTree ├── asn1@0.2.3
76 silly idealTree ├── assert-plus@0.2.0
76 silly idealTree ├── async@0.2.10
76 silly idealTree ├── aws-sign2@0.6.0
76 silly idealTree ├── aws4@1.4.1
76 silly idealTree ├── bl@1.1.2
76 silly idealTree ├─┬ body-parser@1.15.0
76 silly idealTree │ ├── bytes@2.2.0
76 silly idealTree │ ├── content-type@1.0.1
76 silly idealTree │ ├── depd@1.1.0
76 silly idealTree │ ├─┬ http-errors@1.4.0
76 silly idealTree │ │ ├── inherits@2.0.1
76 silly idealTree │ │ └── statuses@1.2.1
76 silly idealTree │ ├── iconv-lite@0.4.13
76 silly idealTree │ ├─┬ on-finished@2.3.0
76 silly idealTree │ │ └── ee-first@1.1.1
76 silly idealTree │ ├── qs@6.1.0
76 silly idealTree │ ├─┬ raw-body@2.1.6
76 silly idealTree │ │ ├── bytes@2.3.0
76 silly idealTree │ │ └── unpipe@1.0.0
76 silly idealTree │ └─┬ type-is@1.6.12
76 silly idealTree │   ├── media-typer@0.3.0
76 silly idealTree │   └─┬ mime-types@2.1.10
76 silly idealTree │     └── mime-db@1.22.0
76 silly idealTree ├── boom@2.10.1
76 silly idealTree ├── caseless@0.11.0
76 silly idealTree ├── chalk@1.1.3
76 silly idealTree ├── combined-stream@1.0.5
76 silly idealTree ├── commander@2.9.0
76 silly idealTree ├── core-util-is@1.0.2
76 silly idealTree ├── cryptiles@2.0.5
76 silly idealTree ├─┬ dashdash@1.14.0
76 silly idealTree │ └── assert-plus@1.0.0
76 silly idealTree ├── debug@2.2.0
76 silly idealTree ├── delayed-stream@1.0.0
76 silly idealTree ├── ecc-jsbn@0.1.1
76 silly idealTree ├── escape-string-regexp@1.0.5
76 silly idealTree ├─┬ express@4.13.4
76 silly idealTree │ ├─┬ accepts@1.2.13
76 silly idealTree │ │ ├─┬ mime-types@2.1.10
76 silly idealTree │ │ │ └── mime-db@1.22.0
76 silly idealTree │ │ └── negotiator@0.5.3
76 silly idealTree │ ├── array-flatten@1.1.1
76 silly idealTree │ ├── content-disposition@0.5.1
76 silly idealTree │ ├── content-type@1.0.1
76 silly idealTree │ ├── cookie-signature@1.0.6
76 silly idealTree │ ├── cookie@0.1.5
76 silly idealTree │ ├── depd@1.1.0
76 silly idealTree │ ├── escape-html@1.0.3
76 silly idealTree │ ├── etag@1.7.0
76 silly idealTree │ ├─┬ finalhandler@0.4.1
76 silly idealTree │ │ └── unpipe@1.0.0
76 silly idealTree │ ├── fresh@0.3.0
76 silly idealTree │ ├── merge-descriptors@1.0.1
76 silly idealTree │ ├── methods@1.1.2
76 silly idealTree │ ├─┬ on-finished@2.3.0
76 silly idealTree │ │ └── ee-first@1.1.1
76 silly idealTree │ ├── parseurl@1.3.1
76 silly idealTree │ ├── path-to-regexp@0.1.7
76 silly idealTree │ ├─┬ proxy-addr@1.0.10
76 silly idealTree │ │ ├── forwarded@0.1.0
76 silly idealTree │ │ └── ipaddr.js@1.0.5
76 silly idealTree │ ├── qs@4.0.0
76 silly idealTree │ ├── range-parser@1.0.3
76 silly idealTree │ ├─┬ send@0.13.1
76 silly idealTree │ │ ├── destroy@1.0.4
76 silly idealTree │ │ ├─┬ http-errors@1.3.1
76 silly idealTree │ │ │ └── inherits@2.0.1
76 silly idealTree │ │ ├── mime@1.3.4
76 silly idealTree │ │ ├── ms@0.7.1
76 silly idealTree │ │ └── statuses@1.2.1
76 silly idealTree │ ├── serve-static@1.10.2
76 silly idealTree │ ├─┬ type-is@1.6.12
76 silly idealTree │ │ ├── media-typer@0.3.0
76 silly idealTree │ │ └─┬ mime-types@2.1.10
76 silly idealTree │ │   └── mime-db@1.22.0
76 silly idealTree │ ├── utils-merge@1.0.0
76 silly idealTree │ └── vary@1.0.1
76 silly idealTree ├── extend@3.0.0
76 silly idealTree ├── extsprintf@1.0.2
76 silly idealTree ├── forever-agent@0.6.1
76 silly idealTree ├─┬ form-data@1.0.0-rc4
76 silly idealTree │ └── async@1.5.2
76 silly idealTree ├── generate-function@2.0.0
76 silly idealTree ├── generate-object-property@1.2.0
76 silly idealTree ├─┬ getpass@0.1.6
76 silly idealTree │ └── assert-plus@1.0.0
76 silly idealTree ├── graceful-readlink@1.0.1
76 silly idealTree ├── har-validator@2.0.6
76 silly idealTree ├── has-ansi@2.0.0
76 silly idealTree ├── hawk@3.1.3
76 silly idealTree ├── hoek@2.16.3
76 silly idealTree ├── http-auth@2.4.4
76 silly idealTree ├── http-signature@1.1.1
76 silly idealTree ├─┬ httpdispatcher@1.0.0
76 silly idealTree │ └── mime@1.3.4
76 silly idealTree ├── inherits@2.0.1
76 silly idealTree ├── is-my-json-valid@2.13.1
76 silly idealTree ├── is-property@1.0.2
76 silly idealTree ├── is-typedarray@1.0.0
76 silly idealTree ├── isarray@1.0.0
76 silly idealTree ├── isstream@0.1.2
76 silly idealTree ├── jodid25519@1.0.2
76 silly idealTree ├── jsbn@0.1.0
76 silly idealTree ├── json-schema@0.2.2
76 silly idealTree ├── json-stringify-safe@5.0.1
76 silly idealTree ├── jsonpointer@2.0.0
76 silly idealTree ├── jsprim@1.2.2
76 silly idealTree ├── mime-db@1.23.0
76 silly idealTree ├── mime-types@2.1.11
76 silly idealTree ├── ms@0.7.1
76 silly idealTree ├── node-uuid@1.4.7
76 silly idealTree ├── oauth-sign@0.8.2
76 silly idealTree ├─┬ osc-min@1.1.1
76 silly idealTree │ └── binpack@0.1.0
76 silly idealTree ├── path@0.12.7
76 silly idealTree ├── pinkie-promise@2.0.1
76 silly idealTree ├── pinkie@2.0.4
76 silly idealTree ├── process-nextick-args@1.0.7
76 silly idealTree ├── process@0.11.5
76 silly idealTree ├── qs@6.1.0
76 silly idealTree ├── readable-stream@2.0.6
76 silly idealTree ├── reboot@0.0.1
76 silly idealTree ├── request@2.72.0
76 silly idealTree ├── sntp@1.0.9
76 silly idealTree ├─┬ sshpk@1.8.3
76 silly idealTree │ └── assert-plus@1.0.0
76 silly idealTree ├── string_decoder@0.10.31
76 silly idealTree ├── stringstream@0.0.5
76 silly idealTree ├── strip-ansi@3.0.1
76 silly idealTree ├── supports-color@2.0.0
76 silly idealTree ├── tough-cookie@2.2.2
76 silly idealTree ├── tunnel-agent@0.4.3
76 silly idealTree ├── tweetnacl@0.13.3
76 silly idealTree ├── underscore@1.8.3
76 silly idealTree ├── universal-analytics@0.3.11
76 silly idealTree ├── unix-crypt-td-js@1.0.0
76 silly idealTree ├── util-deprecate@1.0.2
76 silly idealTree ├── util@0.10.3
76 silly idealTree ├── verror@1.3.6
76 silly idealTree ├─┬ winston@2.2.0
76 silly idealTree │ ├── async@1.0.0
76 silly idealTree │ ├── colors@1.0.3
76 silly idealTree │ ├── cycle@1.0.3
76 silly idealTree │ ├── eyes@0.1.8
76 silly idealTree │ ├── isstream@0.1.2
76 silly idealTree │ ├── pkginfo@0.3.1
76 silly idealTree │ └── stack-trace@0.0.9
76 silly idealTree └── xtend@4.0.1
77 silly generateActionsToTake Starting
78 silly install generateActionsToTake
79 silly generateActionsToTake Finishing
80 silly diffTrees action count 3
81 silly diffTrees update http-auth@2.4.4
82 silly diffTrees add reboot@0.0.1
83 silly diffTrees update universal-analytics@0.3.11
84 silly decomposeActions action count 24
85 silly decomposeActions fetch http-auth@2.4.4
86 silly decomposeActions extract http-auth@2.4.4
87 silly decomposeActions test http-auth@2.4.4
88 silly decomposeActions preinstall http-auth@2.4.4
89 silly decomposeActions build http-auth@2.4.4
90 silly decomposeActions install http-auth@2.4.4
91 silly decomposeActions postinstall http-auth@2.4.4
92 silly decomposeActions finalize http-auth@2.4.4
93 silly decomposeActions fetch reboot@0.0.1
94 silly decomposeActions extract reboot@0.0.1
95 silly decomposeActions test reboot@0.0.1
96 silly decomposeActions preinstall reboot@0.0.1
97 silly decomposeActions build reboot@0.0.1
98 silly decomposeActions install reboot@0.0.1
99 silly decomposeActions postinstall reboot@0.0.1
100 silly decomposeActions finalize reboot@0.0.1
101 silly decomposeActions fetch universal-analytics@0.3.11
102 silly decomposeActions extract universal-analytics@0.3.11
103 silly decomposeActions test universal-analytics@0.3.11
104 silly decomposeActions preinstall universal-analytics@0.3.11
105 silly decomposeActions build universal-analytics@0.3.11
106 silly decomposeActions install universal-analytics@0.3.11
107 silly decomposeActions postinstall universal-analytics@0.3.11
108 silly decomposeActions finalize universal-analytics@0.3.11
109 silly executeActions Starting
110 silly install executeActions
111 silly doSerial global-install 0
112 silly doParallel fetch 3
113 verbose correctMkdir /Users/jakobmarsico/.npm/_locks correctMkdir not in flight; initializing
114 verbose lock using /Users/jakobmarsico/.npm/_locks/staging-6ddf99088ec37ee2.lock for /Users/jakobmarsico/Dropbox/CLP_Knoxville/software/CLP_Request_Server/node_modules/.staging
115 silly doParallel extract 3
116 silly extract http-auth@2.4.4
117 silly extract reboot@0.0.1
118 silly extract universal-analytics@0.3.11
119 verbose unbuild node_modules/.staging/reboot-637df0ac
120 silly addNamed http-auth@2.4.4
121 verbose addNamed "2.4.4" is a plain semver version for http-auth
122 silly mapToRegistry name http-auth
123 silly mapToRegistry using default registry
124 silly mapToRegistry registry https://registry.npmjs.org/
125 silly mapToRegistry data Result {
125 silly mapToRegistry   raw: 'http-auth',
125 silly mapToRegistry   scope: null,
125 silly mapToRegistry   name: 'http-auth',
125 silly mapToRegistry   rawSpec: '',
125 silly mapToRegistry   spec: 'latest',
125 silly mapToRegistry   type: 'tag' }
126 silly mapToRegistry uri https://registry.npmjs.org/http-auth
127 verbose addNameVersion registry:https://registry.npmjs.org/http-auth not in flight; fetching
128 silly gentlyRm /Users/jakobmarsico/Dropbox/CLP_Knoxville/software/CLP_Request_Server/node_modules/.staging/reboot-637df0ac is being purged from base /Users/jakobmarsico/Dropbox/CLP_Knoxville/software/CLP_Request_Server
129 verbose gentlyRm don't care about contents; nuking /Users/jakobmarsico/Dropbox/CLP_Knoxville/software/CLP_Request_Server/node_modules/.staging/reboot-637df0ac
130 verbose unbuild node_modules/.staging/universal-analytics-a319d210
131 verbose tar unpack /Users/jakobmarsico/.npm/reboot/0.0.1/package.tgz
132 verbose tar unpacking to /Users/jakobmarsico/Dropbox/CLP_Knoxville/software/CLP_Request_Server/node_modules/.staging/reboot-637df0ac
133 silly gentlyRm /Users/jakobmarsico/Dropbox/CLP_Knoxville/software/CLP_Request_Server/node_modules/.staging/reboot-637df0ac is being purged
134 verbose gentlyRm don't care about contents; nuking /Users/jakobmarsico/Dropbox/CLP_Knoxville/software/CLP_Request_Server/node_modules/.staging/reboot-637df0ac
135 silly gunzTarPerm modes [ '755', '644' ]
136 silly gentlyRm /Users/jakobmarsico/Dropbox/CLP_Knoxville/software/CLP_Request_Server/node_modules/.staging/universal-analytics-a319d210 is being purged from base /Users/jakobmarsico/Dropbox/CLP_Knoxville/software/CLP_Request_Server
137 verbose gentlyRm don't care about contents; nuking /Users/jakobmarsico/Dropbox/CLP_Knoxville/software/CLP_Request_Server/node_modules/.staging/universal-analytics-a319d210
138 verbose tar unpack /Users/jakobmarsico/.npm/universal-analytics/0.3.11/package.tgz
139 verbose tar unpacking to /Users/jakobmarsico/Dropbox/CLP_Knoxville/software/CLP_Request_Server/node_modules/.staging/universal-analytics-a319d210
140 silly gentlyRm /Users/jakobmarsico/Dropbox/CLP_Knoxville/software/CLP_Request_Server/node_modules/.staging/universal-analytics-a319d210 is being purged
141 verbose gentlyRm don't care about contents; nuking /Users/jakobmarsico/Dropbox/CLP_Knoxville/software/CLP_Request_Server/node_modules/.staging/universal-analytics-a319d210
142 verbose request uri https://registry.npmjs.org/http-auth
143 verbose request no auth needed
144 info attempt registry request try #1 at 1:22:49 PM
145 verbose etag "8RN9EWZGA9L2GBN1OOT8798VN"
146 http request GET https://registry.npmjs.org/http-auth
147 silly gunzTarPerm modes [ '755', '644' ]
148 silly gunzTarPerm extractEntry package.json
149 silly gunzTarPerm extractEntry package.json
150 silly gunzTarPerm extractEntry .npmignore
151 silly gunzTarPerm extractEntry README.md
152 silly gunzTarPerm extractEntry .npmignore
153 silly gunzTarPerm extractEntry README.md
154 silly gunzTarPerm extractEntry LICENSE
155 silly gunzTarPerm extractEntry index.js
156 silly gunzTarPerm extractEntry index.js
157 silly gunzTarPerm extractEntry test.js
158 silly gunzTarPerm extractEntry CHANGELOG
159 silly gunzTarPerm extractEntry HISTORY.md
160 silly gunzTarPerm extractEntry Makefile
161 silly gunzTarPerm extractEntry .travis.yml
162 silly gunzTarPerm extractEntry binding.gyp
163 silly gunzTarPerm extractEntry src/reboot.cc
164 silly gunzTarPerm extractEntry lib/config.js
165 silly gunzTarPerm extractEntry lib/index.js
166 silly gunzTarPerm extractEntry lib/utils.js
167 silly gunzTarPerm extractEntry AcceptableParams.md
168 silly gunzTarPerm extractEntry test/_enqueue.js
169 silly gunzTarPerm extractEntry test/exception.js
170 silly gunzTarPerm extractEntry test/index.js
171 silly gunzTarPerm extractEntry test/item.js
172 silly gunzTarPerm extractEntry test/event.js
173 silly gunzTarPerm extractEntry test/timing.js
174 silly gunzTarPerm extractEntry test/pageview.js
175 silly gunzTarPerm extractEntry test/send.js
176 silly gunzTarPerm extractEntry test/transaction.js
177 silly gunzTarPerm extractEntry test/middleware.js
178 silly gunzTarPerm extractEntry test/mocha.opts
179 silly gentlyRm /Users/jakobmarsico/Dropbox/CLP_Knoxville/software/CLP_Request_Server/node_modules/.staging/reboot-637df0ac/node_modules is being purged
180 verbose gentlyRm don't care about contents; nuking /Users/jakobmarsico/Dropbox/CLP_Knoxville/software/CLP_Request_Server/node_modules/.staging/reboot-637df0ac/node_modules
181 silly gentlyRm /Users/jakobmarsico/Dropbox/CLP_Knoxville/software/CLP_Request_Server/node_modules/.staging/universal-analytics-a319d210/node_modules is being purged
182 verbose gentlyRm don't care about contents; nuking /Users/jakobmarsico/Dropbox/CLP_Knoxville/software/CLP_Request_Server/node_modules/.staging/universal-analytics-a319d210/node_modules
183 http 304 https://registry.npmjs.org/http-auth
184 verbose headers { date: 'Fri, 24 Jun 2016 17:22:49 GMT',
184 verbose headers   via: '1.1 varnish',
184 verbose headers   'cache-control': 'max-age=300',
184 verbose headers   etag: '"8RN9EWZGA9L2GBN1OOT8798VN"',
184 verbose headers   age: '0',
184 verbose headers   connection: 'keep-alive',
184 verbose headers   'x-served-by': 'cache-atl6223-ATL',
184 verbose headers   'x-cache': 'HIT',
184 verbose headers   'x-cache-hits': '1',
184 verbose headers   'x-timer': 'S1466788969.621257,VS0,VE35',
184 verbose headers   vary: 'Accept-Encoding' }
185 silly get cb [ 304,
185 silly get   { date: 'Fri, 24 Jun 2016 17:22:49 GMT',
185 silly get     via: '1.1 varnish',
185 silly get     'cache-control': 'max-age=300',
185 silly get     etag: '"8RN9EWZGA9L2GBN1OOT8798VN"',
185 silly get     age: '0',
185 silly get     connection: 'keep-alive',
185 silly get     'x-served-by': 'cache-atl6223-ATL',
185 silly get     'x-cache': 'HIT',
185 silly get     'x-cache-hits': '1',
185 silly get     'x-timer': 'S1466788969.621257,VS0,VE35',
185 silly get     vary: 'Accept-Encoding' } ]
186 verbose etag https://registry.npmjs.org/http-auth from cache
187 verbose get saving http-auth to /Users/jakobmarsico/.npm/registry.npmjs.org/http-auth/.cache.json
188 verbose correctMkdir /Users/jakobmarsico/.npm correctMkdir not in flight; initializing
189 silly mapToRegistry name http-auth
190 silly mapToRegistry using default registry
191 silly mapToRegistry registry https://registry.npmjs.org/
192 silly mapToRegistry data Result {
192 silly mapToRegistry   raw: 'http-auth',
192 silly mapToRegistry   scope: null,
192 silly mapToRegistry   name: 'http-auth',
192 silly mapToRegistry   rawSpec: '',
192 silly mapToRegistry   spec: 'latest',
192 silly mapToRegistry   type: 'tag' }
193 silly mapToRegistry uri https://registry.npmjs.org/http-auth
194 verbose addRemoteTarball https://registry.npmjs.org/http-auth/-/http-auth-2.4.4.tgz not in flight; adding
195 verbose addRemoteTarball [ 'https://registry.npmjs.org/http-auth/-/http-auth-2.4.4.tgz',
195 verbose addRemoteTarball   'ce9be4e391a25946827543fde072f59584ec543b' ]
196 info retry fetch attempt 1 at 1:22:49 PM
197 info attempt registry request try #1 at 1:22:49 PM
198 http fetch GET https://registry.npmjs.org/http-auth/-/http-auth-2.4.4.tgz
199 http fetch 200 https://registry.npmjs.org/http-auth/-/http-auth-2.4.4.tgz
200 silly fetchAndShaCheck shasum ce9be4e391a25946827543fde072f59584ec543b
201 verbose addTmpTarball /var/folders/hs/b6l0qpls0076dg2n0htp2b7r0000gn/T/npm-3612-ae79ce2d/registry.npmjs.org/http-auth/-/http-auth-2.4.4.tgz not in flight; adding
202 verbose addTmpTarball already have metadata; skipping unpack for http-auth@2.4.4
203 verbose correctMkdir /Users/jakobmarsico/.npm correctMkdir not in flight; initializing
204 verbose unbuild node_modules/.staging/http-auth-12d86e0b
205 silly gentlyRm /Users/jakobmarsico/Dropbox/CLP_Knoxville/software/CLP_Request_Server/node_modules/.staging/http-auth-12d86e0b is being purged from base /Users/jakobmarsico/Dropbox/CLP_Knoxville/software/CLP_Request_Server
206 verbose gentlyRm don't care about contents; nuking /Users/jakobmarsico/Dropbox/CLP_Knoxville/software/CLP_Request_Server/node_modules/.staging/http-auth-12d86e0b
207 verbose tar unpack /Users/jakobmarsico/.npm/http-auth/2.4.4/package.tgz
208 verbose tar unpacking to /Users/jakobmarsico/Dropbox/CLP_Knoxville/software/CLP_Request_Server/node_modules/.staging/http-auth-12d86e0b
209 silly gentlyRm /Users/jakobmarsico/Dropbox/CLP_Knoxville/software/CLP_Request_Server/node_modules/.staging/http-auth-12d86e0b is being purged
210 verbose gentlyRm don't care about contents; nuking /Users/jakobmarsico/Dropbox/CLP_Knoxville/software/CLP_Request_Server/node_modules/.staging/http-auth-12d86e0b
211 silly gunzTarPerm modes [ '755', '644' ]
212 silly gunzTarPerm extractEntry package.json
213 silly gunzTarPerm modified mode [ 'package.json', 438, 420 ]
214 silly gunzTarPerm extractEntry .npmignore
215 silly gunzTarPerm modified mode [ '.npmignore', 438, 420 ]
216 silly gunzTarPerm extractEntry README.md
217 silly gunzTarPerm modified mode [ 'README.md', 438, 420 ]
218 silly gunzTarPerm extractEntry LICENSE
219 silly gunzTarPerm modified mode [ 'LICENSE', 438, 420 ]
220 silly gunzTarPerm extractEntry .babelrc
221 silly gunzTarPerm modified mode [ '.babelrc', 438, 420 ]
222 silly gunzTarPerm extractEntry gensrc/http-auth.js
223 silly gunzTarPerm modified mode [ 'gensrc/http-auth.js', 438, 420 ]
224 silly gunzTarPerm extractEntry gensrc/auth/base.js
225 silly gunzTarPerm modified mode [ 'gensrc/auth/base.js', 438, 420 ]
226 silly gunzTarPerm extractEntry gensrc/auth/basic.js
227 silly gunzTarPerm modified mode [ 'gensrc/auth/basic.js', 438, 420 ]
228 silly gunzTarPerm extractEntry gensrc/auth/digest.js
229 silly gunzTarPerm modified mode [ 'gensrc/auth/digest.js', 438, 420 ]
230 silly gunzTarPerm extractEntry gensrc/auth/utils.js
231 silly gunzTarPerm modified mode [ 'gensrc/auth/utils.js', 438, 420 ]
232 silly gunzTarPerm extractEntry gensrc/server/connect.js
233 silly gunzTarPerm modified mode [ 'gensrc/server/connect.js', 438, 420 ]
234 silly gunzTarPerm extractEntry gensrc/server/http.js
235 silly gunzTarPerm modified mode [ 'gensrc/server/http.js', 438, 420 ]
236 silly gunzTarPerm extractEntry gensrc/server/https.js
237 silly gunzTarPerm modified mode [ 'gensrc/server/https.js', 438, 420 ]
238 silly gunzTarPerm extractEntry gensrc/server/koa.js
239 silly gunzTarPerm modified mode [ 'gensrc/server/koa.js', 438, 420 ]
240 silly gunzTarPerm extractEntry gensrc/server/koa2.js
241 silly gunzTarPerm modified mode [ 'gensrc/server/koa2.js', 438, 420 ]
242 silly gunzTarPerm extractEntry gensrc/server/passport.js
243 silly gunzTarPerm modified mode [ 'gensrc/server/passport.js', 438, 420 ]
244 silly gunzTarPerm extractEntry gensrc/server/proxy.js
245 silly gunzTarPerm modified mode [ 'gensrc/server/proxy.js', 438, 420 ]
246 silly gentlyRm /Users/jakobmarsico/Dropbox/CLP_Knoxville/software/CLP_Request_Server/node_modules/.staging/http-auth-12d86e0b/node_modules is being purged
247 verbose gentlyRm don't care about contents; nuking /Users/jakobmarsico/Dropbox/CLP_Knoxville/software/CLP_Request_Server/node_modules/.staging/http-auth-12d86e0b/node_modules
248 silly doParallel preinstall 3
249 silly preinstall http-auth@2.4.4 /Users/jakobmarsico/Dropbox/CLP_Knoxville/software/CLP_Request_Server/node_modules/.staging/http-auth-12d86e0b
250 info lifecycle http-auth@2.4.4~preinstall: http-auth@2.4.4
251 silly preinstall reboot@0.0.1 /Users/jakobmarsico/Dropbox/CLP_Knoxville/software/CLP_Request_Server/node_modules/.staging/reboot-637df0ac
252 info lifecycle reboot@0.0.1~preinstall: reboot@0.0.1
253 silly preinstall universal-analytics@0.3.11 /Users/jakobmarsico/Dropbox/CLP_Knoxville/software/CLP_Request_Server/node_modules/.staging/universal-analytics-a319d210
254 info lifecycle universal-analytics@0.3.11~preinstall: universal-analytics@0.3.11
255 silly lifecycle http-auth@2.4.4~preinstall: no script for preinstall, continuing
256 silly lifecycle reboot@0.0.1~preinstall: no script for preinstall, continuing
257 silly lifecycle universal-analytics@0.3.11~preinstall: no script for preinstall, continuing
258 silly doReverseSerial remove 0
259 silly doSerial move 0
260 silly doSerial finalize 3
261 silly finalize /Users/jakobmarsico/Dropbox/CLP_Knoxville/software/CLP_Request_Server/node_modules/http-auth
262 silly finalize /Users/jakobmarsico/Dropbox/CLP_Knoxville/software/CLP_Request_Server/node_modules/reboot
263 silly finalize /Users/jakobmarsico/Dropbox/CLP_Knoxville/software/CLP_Request_Server/node_modules/universal-analytics
264 silly doSerial build 3
265 silly build http-auth@2.4.4
266 info linkStuff http-auth@2.4.4
267 silly linkStuff http-auth@2.4.4 has /Users/jakobmarsico/Dropbox/CLP_Knoxville/software/CLP_Request_Server/node_modules as its parent node_modules
268 verbose linkBins http-auth@2.4.4
269 verbose linkMans http-auth@2.4.4
270 silly build reboot@0.0.1
271 info linkStuff reboot@0.0.1
272 silly linkStuff reboot@0.0.1 has /Users/jakobmarsico/Dropbox/CLP_Knoxville/software/CLP_Request_Server/node_modules as its parent node_modules
273 verbose linkBins reboot@0.0.1
274 verbose linkMans reboot@0.0.1
275 silly build universal-analytics@0.3.11
276 info linkStuff universal-analytics@0.3.11
277 silly linkStuff universal-analytics@0.3.11 has /Users/jakobmarsico/Dropbox/CLP_Knoxville/software/CLP_Request_Server/node_modules as its parent node_modules
278 verbose linkBins universal-analytics@0.3.11
279 verbose linkMans universal-analytics@0.3.11
280 silly doSerial global-link 0
281 silly doParallel update-linked 0
282 silly doSerial install 3
283 silly install http-auth@2.4.4 /Users/jakobmarsico/Dropbox/CLP_Knoxville/software/CLP_Request_Server/node_modules/.staging/http-auth-12d86e0b
284 info lifecycle http-auth@2.4.4~install: http-auth@2.4.4
285 silly lifecycle http-auth@2.4.4~install: no script for install, continuing
286 silly install reboot@0.0.1 /Users/jakobmarsico/Dropbox/CLP_Knoxville/software/CLP_Request_Server/node_modules/.staging/reboot-637df0ac
287 info lifecycle reboot@0.0.1~install: reboot@0.0.1
288 verbose lifecycle reboot@0.0.1~install: unsafe-perm in lifecycle true
289 verbose lifecycle reboot@0.0.1~install: PATH: /usr/local/lib/node_modules/npm/bin/node-gyp-bin:/Users/jakobmarsico/Dropbox/CLP_Knoxville/software/CLP_Request_Server/node_modules/reboot/node_modules/.bin:/Users/jakobmarsico/Dropbox/CLP_Knoxville/software/CLP_Request_Server/node_modules/.bin:/usr/local/bin:/Library/Frameworks/Python.framework/Versions/2.7/bin:/opt/local/bin:/opt/local/sbin:/usr/local/bin:/usr/bin:/bin:/usr/sbin:/sbin:/opt/X11/bin:/usr/local/git/bin:/usr/local/bin
290 verbose lifecycle reboot@0.0.1~install: CWD: /Users/jakobmarsico/Dropbox/CLP_Knoxville/software/CLP_Request_Server/node_modules/reboot
291 silly lifecycle reboot@0.0.1~install: Args: [ '-c', 'node-gyp rebuild' ]
292 silly lifecycle reboot@0.0.1~install: Returned: code: 1  signal: null
293 info lifecycle reboot@0.0.1~install: Failed to exec install script
294 verbose unlock done using /Users/jakobmarsico/.npm/_locks/staging-6ddf99088ec37ee2.lock for /Users/jakobmarsico/Dropbox/CLP_Knoxville/software/CLP_Request_Server/node_modules/.staging
295 silly rollbackFailedOptional Starting
296 silly rollbackFailedOptional Finishing
297 silly runTopLevelLifecycles Starting
298 silly runTopLevelLifecycles Finishing
299 silly install printInstalled
300 warn nodeServer@1.0.0 No repository field.
301 verbose stack Error: reboot@0.0.1 install: `node-gyp rebuild`
301 verbose stack Exit status 1
301 verbose stack     at EventEmitter.<anonymous> (/usr/local/lib/node_modules/npm/lib/utils/lifecycle.js:239:16)
301 verbose stack     at emitTwo (events.js:106:13)
301 verbose stack     at EventEmitter.emit (events.js:191:7)
301 verbose stack     at ChildProcess.<anonymous> (/usr/local/lib/node_modules/npm/lib/utils/spawn.js:24:14)
301 verbose stack     at emitTwo (events.js:106:13)
301 verbose stack     at ChildProcess.emit (events.js:191:7)
301 verbose stack     at maybeClose (internal/child_process.js:850:16)
301 verbose stack     at Process.ChildProcess._handle.onexit (internal/child_process.js:215:5)
302 verbose pkgid reboot@0.0.1
303 verbose cwd /Users/jakobmarsico/Dropbox/CLP_Knoxville/software/CLP_Request_Server
304 error Darwin 14.3.0
305 error argv "/usr/local/bin/node" "/usr/local/bin/npm" "install" "reboot"
306 error node v6.0.0
307 error npm  v3.8.6
308 error code ELIFECYCLE
309 error reboot@0.0.1 install: `node-gyp rebuild`
309 error Exit status 1
310 error Failed at the reboot@0.0.1 install script 'node-gyp rebuild'.
310 error Make sure you have the latest version of node.js and npm installed.
310 error If you do, this is most likely a problem with the reboot package,
310 error not with npm itself.
310 error Tell the author that this fails on your system:
310 error     node-gyp rebuild
310 error You can get information on how to open an issue for this project with:
310 error     npm bugs reboot
310 error Or if that isn't available, you can get their info via:
310 error     npm owner ls reboot
310 error There is likely additional logging output above.
311 verbose exit [ 1, true ]
